Flow report for MidtermSingleCycle
Sun Mar 27 14:22:51 2016
Quartus Prime Version 15.1.0 Build 185 10/21/2015 SJ Lite Edition


---------------------
; Table of Contents ;
---------------------
  1. Legal Notice
  2. Flow Summary
  3. Flow Settings
  4. Flow Non-Default Global Settings
  5. Flow Elapsed Time
  6. Flow OS Summary
  7. Flow Log
  8. Flow Messages
  9. Flow Suppressed Messages



----------------
; Legal Notice ;
----------------
Copyright (C) 1991-2015 Altera Corporation. All rights reserved.
Your use of Altera Corporation's design tools, logic functions 
and other software and tools, and its AMPP partner logic 
functions, and any output files from any of the foregoing 
(including device programming or simulation files), and any 
associated documentation or information are expressly subject 
to the terms and conditions of the Altera Program License 
Subscription Agreement, the Altera Quartus Prime License Agreement,
the Altera MegaCore Function License Agreement, or other 
applicable license agreement, including, without limitation, 
that your use is for the sole purpose of programming logic 
devices manufactured by Altera and sold by Altera or its 
authorized distributors.  Please refer to the applicable 
agreement for further details.



+-------------------------------------------------------------------------------+
; Flow Summary                                                                  ;
+---------------------------------+---------------------------------------------+
; Flow Status                     ; Successful - Sun Mar 27 14:22:51 2016       ;
; Quartus Prime Version           ; 15.1.0 Build 185 10/21/2015 SJ Lite Edition ;
; Revision Name                   ; MidtermSingleCycle                          ;
; Top-level Entity Name           ; top                                         ;
; Family                          ; Cyclone V                                   ;
; Device                          ; 5CSXFC6D6F31I7                              ;
; Timing Models                   ; Final                                       ;
; Logic utilization (in ALMs)     ; 1,309 / 41,910 ( 3 % )                      ;
; Total registers                 ; 2385                                        ;
; Total pins                      ; 67 / 499 ( 13 % )                           ;
; Total virtual pins              ; 0                                           ;
; Total block memory bits         ; 0 / 5,662,720 ( 0 % )                       ;
; Total DSP Blocks                ; 0 / 112 ( 0 % )                             ;
; Total HSSI RX PCSs              ; 0 / 9 ( 0 % )                               ;
; Total HSSI PMA RX Deserializers ; 0 / 9 ( 0 % )                               ;
; Total HSSI TX PCSs              ; 0 / 9 ( 0 % )                               ;
; Total HSSI PMA TX Serializers   ; 0 / 9 ( 0 % )                               ;
; Total PLLs                      ; 0 / 15 ( 0 % )                              ;
; Total DLLs                      ; 0 / 4 ( 0 % )                               ;
+---------------------------------+---------------------------------------------+


+-----------------------------------------+
; Flow Settings                           ;
+-------------------+---------------------+
; Option            ; Setting             ;
+-------------------+---------------------+
; Start date & time ; 03/27/2016 14:18:44 ;
; Main task         ; Compilation         ;
; Revision Name     ; MidtermSingleCycle  ;
+-------------------+---------------------+


+---------------------------------------------------------------------------------------------------------------------------+
; Flow Non-Default Global Settings                                                                                          ;
+-------------------------------------+---------------------------------+--------------------+-------------+----------------+
; Assignment Name                     ; Value                           ; Default Value      ; Entity Name ; Section Id     ;
+-------------------------------------+---------------------------------+--------------------+-------------+----------------+
; COMPILER_SIGNATURE_ID               ; 106618766473035.145911352403708 ; --                 ; --          ; --             ;
; EDA_OUTPUT_DATA_FORMAT              ; Vhdl                            ; --                 ; --          ; eda_simulation ;
; EDA_SIMULATION_TOOL                 ; ModelSim-Altera (VHDL)          ; <None>             ; --          ; --             ;
; MAX_CORE_JUNCTION_TEMP              ; 100                             ; --                 ; --          ; --             ;
; MIN_CORE_JUNCTION_TEMP              ; -40                             ; --                 ; --          ; --             ;
; PARTITION_COLOR                     ; 16764057                        ; --                 ; top         ; Top            ;
; PARTITION_FITTER_PRESERVATION_LEVEL ; PLACEMENT_AND_ROUTING           ; --                 ; top         ; Top            ;
; PARTITION_NETLIST_TYPE              ; SOURCE                          ; --                 ; top         ; Top            ;
; PROJECT_OUTPUT_DIRECTORY            ; output_files                    ; --                 ; --          ; --             ;
; TOP_LEVEL_ENTITY                    ; top                             ; MidtermSingleCycle ; --          ; --             ;
+-------------------------------------+---------------------------------+--------------------+-------------+----------------+


+-------------------------------------------------------------------------------------------------------------------------------+
; Flow Elapsed Time                                                                                                             ;
+---------------------------+--------------+-------------------------+---------------------+------------------------------------+
; Module Name               ; Elapsed Time ; Average Processors Used ; Peak Virtual Memory ; Total CPU Time (on all processors) ;
+---------------------------+--------------+-------------------------+---------------------+------------------------------------+
; Analysis & Synthesis      ; 00:00:24     ; 1.0                     ; 874 MB              ; 00:00:28                           ;
; Fitter                    ; 00:02:46     ; 1.0                     ; 2140 MB             ; 00:03:38                           ;
; Assembler                 ; 00:00:14     ; 1.0                     ; 901 MB              ; 00:00:12                           ;
; TimeQuest Timing Analyzer ; 00:00:20     ; 1.0                     ; 1229 MB             ; 00:00:19                           ;
; EDA Netlist Writer        ; 00:00:02     ; 1.0                     ; 810 MB              ; 00:00:02                           ;
; Total                     ; 00:03:46     ; --                      ; --                  ; 00:04:39                           ;
+---------------------------+--------------+-------------------------+---------------------+------------------------------------+


+----------------------------------------------------------------------------------------+
; Flow OS Summary                                                                        ;
+---------------------------+------------------+-----------+------------+----------------+
; Module Name               ; Machine Hostname ; OS Name   ; OS Version ; Processor type ;
+---------------------------+------------------+-----------+------------+----------------+
; Analysis & Synthesis      ; Youngjm-VM       ; Windows 8 ; 6.2        ; x86_64         ;
; Fitter                    ; Youngjm-VM       ; Windows 8 ; 6.2        ; x86_64         ;
; Assembler                 ; Youngjm-VM       ; Windows 8 ; 6.2        ; x86_64         ;
; TimeQuest Timing Analyzer ; Youngjm-VM       ; Windows 8 ; 6.2        ; x86_64         ;
; EDA Netlist Writer        ; Youngjm-VM       ; Windows 8 ; 6.2        ; x86_64         ;
+---------------------------+------------------+-----------+------------+----------------+


------------
; Flow Log ;
------------
quartus_map --read_settings_files=on --write_settings_files=off MidtermSingleCycle -c MidtermSingleCycle
quartus_fit --read_settings_files=off --write_settings_files=off MidtermSingleCycle -c MidtermSingleCycle
quartus_asm --read_settings_files=off --write_settings_files=off MidtermSingleCycle -c MidtermSingleCycle
quartus_sta MidtermSingleCycle -c MidtermSingleCycle
quartus_eda --read_settings_files=off --write_settings_files=off MidtermSingleCycle -c MidtermSingleCycle



